<?xml version="1.0" encoding="utf-8"?><testsuites name="pytest tests"><testsuite name="pytest" errors="0" failures="0" skipped="0" tests="6" time="14.516" timestamp="2026-09-17T21:04:57.684257+00:00" hostname="agent-env-37de11a3-4288-46bc-9824-35750dc66b37"><testcase classname="tests.test_gateway_bulk" name="test_gateway_status_running" time="0.327" /><testcase classname="tests.test_gateway_bulk" name="test_gateway_https_and_http_through_active" time="1.195" /><testcase classname="tests.test_gateway_bulk" name="test_gateway_via_http_pool_item" time="1.304" /><testcase classname="tests.test_gateway_bulk" name="test_gateway_via_socks5_build" time="1.898" /><testcase classname="tests.test_gateway_bulk" name="test_settings_port_switch_and_errors" time="1.511" /><testcase classname="tests.test_gateway_bulk" name="test_bulk_scan_flow" time="7.725" /></testsuite></testsuites>