<?xml version="1.0" encoding="utf-8"?><testsuites name="pytest tests"><testsuite name="pytest" errors="0" failures="0" skipped="0" tests="5" time="6.033" timestamp="2026-09-17T20:43:26.703467+00:00" hostname="agent-env-37de11a3-4288-46bc-9824-35750dc66b37"><testcase classname="tests.test_pool_socks5" name="test_pool_scan_shape" time="2.249" /><testcase classname="tests.test_pool_socks5" name="test_pool_list_no_underscore_id" time="0.095" /><testcase classname="tests.test_pool_socks5" name="test_pool_delete_single" time="0.288" /><testcase classname="tests.test_pool_socks5" name="test_activate_pool_item_and_sticky_exit_ip" time="0.949" /><testcase classname="tests.test_pool_socks5" name="test_build_socks5_and_fetch" time="1.950" /></testsuite></testsuites>