<?xml version="1.0" encoding="utf-8"?><testsuites name="pytest tests"><testsuite name="pytest" errors="0" failures="0" skipped="0" tests="9" time="6.979" timestamp="2026-09-17T20:15:49.373712+00:00" hostname="agent-env-37de11a3-4288-46bc-9824-35750dc66b37"><testcase classname="tests.backend_test" name="test_settings_configured" time="0.494" /><testcase classname="tests.backend_test" name="test_account_balance" time="1.222" /><testcase classname="tests.backend_test" name="test_locations_residential" time="0.516" /><testcase classname="tests.backend_test" name="test_proxy_build" time="1.370" /><testcase classname="tests.backend_test" name="test_proxy_activate_and_active" time="0.230" /><testcase classname="tests.backend_test" name="test_proxy_test_endpoint" time="0.784" /><testcase classname="tests.backend_test" name="test_proxy_fetch_routes_through_proxy" time="0.745" /><testcase classname="tests.backend_test" name="test_history_flow" time="0.332" /><testcase classname="tests.backend_test" name="test_fetch_requires_active_proxy" time="0.753" /></testsuite></testsuites>